DEBUG 2014-09-02 19:45:53,373 util (0.011) SELECT COUNT(*) FROM `contents`; args=()
DEBUG 2014-09-02 19:45:53,435 util (0.004) SELECT `contents`.`id`, `contents`.`name`, `contents`.`spt_bp`, `contents`.`spt_ar`, `contents`.`spt_im`, `contents`.`spt_vi` FROM `contents` ORDER BY `contents`.`id` DESC LIMIT 4; args=()
DEBUG 2014-09-02 19:45:53,438 util (0.000) SELECT COUNT(*) FROM `contents_option` WHERE (`contents_option`.`content_id` = 7  AND `contents_option`.`type` = 1 ); args=(7, 1)
DEBUG 2014-09-02 19:45:53,440 util (0.001) SELECT COUNT(*) FROM `contents_option` WHERE (`contents_option`.`content_id` = 7  AND `contents_option`.`type` = 1 ); args=(7, 1)
DEBUG 2014-09-02 19:45:53,442 util (0.002) SELECT COUNT(*) FROM `contents_option` WHERE (`contents_option`.`content_id` = 7  AND `contents_option`.`type` = 2 ); args=(7, 2)
DEBUG 2014-09-02 19:45:53,445 util (0.002) SELECT COUNT(*) FROM `contents_option` WHERE (`contents_option`.`content_id` = 7  AND `contents_option`.`type` = 2 ); args=(7, 2)
DEBUG 2014-09-02 19:45:53,447 util (0.001) SELECT COUNT(*) FROM `contents_option` WHERE (`contents_option`.`content_id` = 7  AND `contents_option`.`type` = 3 ); args=(7, 3)
DEBUG 2014-09-02 19:45:53,450 util (0.002) SELECT COUNT(*) FROM `contents_option` WHERE (`contents_option`.`content_id` = 7  AND `contents_option`.`type` = 3 ); args=(7, 3)
DEBUG 2014-09-02 19:45:53,456 util (0.000) SELECT COUNT(*) FROM `contents_option` WHERE (`contents_option`.`content_id` = 6  AND `contents_option`.`type` = 1 ); args=(6, 1)
DEBUG 2014-09-02 19:45:53,457 util (0.000) SELECT COUNT(*) FROM `contents_option` WHERE (`contents_option`.`content_id` = 6  AND `contents_option`.`type` = 1 ); args=(6, 1)
DEBUG 2014-09-02 19:45:53,460 util (0.002) SELECT COUNT(*) FROM `contents_option` WHERE (`contents_option`.`content_id` = 6  AND `contents_option`.`type` = 2 ); args=(6, 2)
DEBUG 2014-09-02 19:45:53,461 util (0.000) SELECT COUNT(*) FROM `contents_option` WHERE (`contents_option`.`content_id` = 6  AND `contents_option`.`type` = 2 ); args=(6, 2)
DEBUG 2014-09-02 19:45:53,464 util (0.002) SELECT COUNT(*) FROM `contents_option` WHERE (`contents_option`.`content_id` = 6  AND `contents_option`.`type` = 3 ); args=(6, 3)
DEBUG 2014-09-02 19:45:53,465 util (0.000) SELECT COUNT(*) FROM `contents_option` WHERE (`contents_option`.`content_id` = 6  AND `contents_option`.`type` = 3 ); args=(6, 3)
DEBUG 2014-09-02 19:45:53,472 util (0.000) SELECT COUNT(*) FROM `contents_option` WHERE (`contents_option`.`content_id` = 5  AND `contents_option`.`type` = 1 ); args=(5, 1)
DEBUG 2014-09-02 19:45:53,476 util (0.000) SELECT COUNT(*) FROM `contents_option` WHERE (`contents_option`.`content_id` = 5  AND `contents_option`.`type` = 1 ); args=(5, 1)
DEBUG 2014-09-02 19:45:53,477 util (0.000) SELECT COUNT(*) FROM `contents_option` WHERE (`contents_option`.`content_id` = 5  AND `contents_option`.`type` = 2 ); args=(5, 2)
DEBUG 2014-09-02 19:45:53,478 util (0.000) SELECT COUNT(*) FROM `contents_option` WHERE (`contents_option`.`content_id` = 5  AND `contents_option`.`type` = 2 ); args=(5, 2)
DEBUG 2014-09-02 19:45:53,480 util (0.002) SELECT COUNT(*) FROM `contents_option` WHERE (`contents_option`.`content_id` = 5  AND `contents_option`.`type` = 3 ); args=(5, 3)
DEBUG 2014-09-02 19:45:53,483 util (0.002) SELECT COUNT(*) FROM `contents_option` WHERE (`contents_option`.`content_id` = 5  AND `contents_option`.`type` = 3 ); args=(5, 3)
DEBUG 2014-09-02 19:45:53,491 util (0.004) SELECT COUNT(*) FROM `contents_option` WHERE (`contents_option`.`content_id` = 1  AND `contents_option`.`type` = 1 ); args=(1, 1)
DEBUG 2014-09-02 19:45:53,492 util (0.000) SELECT COUNT(*) FROM `contents_option` WHERE (`contents_option`.`content_id` = 1  AND `contents_option`.`type` = 1 ); args=(1, 1)
DEBUG 2014-09-02 19:45:53,493 util (0.000) SELECT COUNT(*) FROM `contents_option` WHERE (`contents_option`.`content_id` = 1  AND `contents_option`.`type` = 2 ); args=(1, 2)
DEBUG 2014-09-02 19:45:53,497 util (0.003) SELECT COUNT(*) FROM `contents_option` WHERE (`contents_option`.`content_id` = 1  AND `contents_option`.`type` = 2 ); args=(1, 2)
DEBUG 2014-09-02 19:45:53,498 util (0.000) SELECT COUNT(*) FROM `contents_option` WHERE (`contents_option`.`content_id` = 1  AND `contents_option`.`type` = 3 ); args=(1, 3)
DEBUG 2014-09-02 19:45:53,499 util (0.000) SELECT COUNT(*) FROM `contents_option` WHERE (`contents_option`.`content_id` = 1  AND `contents_option`.`type` = 3 ); args=(1, 3)
DEBUG 2014-09-02 19:45:54,333 util (0.000) SELECT COUNT(*) FROM `contents`; args=()
DEBUG 2014-09-02 19:45:54,358 util (0.003) SELECT `contents`.`id`, `contents`.`name`, `contents`.`spt_bp`, `contents`.`spt_ar`, `contents`.`spt_im`, `contents`.`spt_vi` FROM `contents` ORDER BY `contents`.`id` DESC LIMIT 4; args=()
DEBUG 2014-09-02 19:45:54,361 util (0.000) SELECT COUNT(*) FROM `contents_option` WHERE (`contents_option`.`content_id` = 7  AND `contents_option`.`type` = 1 ); args=(7, 1)
DEBUG 2014-09-02 19:45:54,365 util (0.003) SELECT COUNT(*) FROM `contents_option` WHERE (`contents_option`.`content_id` = 7  AND `contents_option`.`type` = 1 ); args=(7, 1)
DEBUG 2014-09-02 19:45:54,366 util (0.000) SELECT COUNT(*) FROM `contents_option` WHERE (`contents_option`.`content_id` = 7  AND `contents_option`.`type` = 2 ); args=(7, 2)
DEBUG 2014-09-02 19:45:54,367 util (0.000) SELECT COUNT(*) FROM `contents_option` WHERE (`contents_option`.`content_id` = 7  AND `contents_option`.`type` = 2 ); args=(7, 2)
DEBUG 2014-09-02 19:45:54,370 util (0.002) SELECT COUNT(*) FROM `contents_option` WHERE (`contents_option`.`content_id` = 7  AND `contents_option`.`type` = 3 ); args=(7, 3)
DEBUG 2014-09-02 19:45:54,371 util (0.000) SELECT COUNT(*) FROM `contents_option` WHERE (`contents_option`.`content_id` = 7  AND `contents_option`.`type` = 3 ); args=(7, 3)
DEBUG 2014-09-02 19:45:54,379 util (0.005) SELECT COUNT(*) FROM `contents_option` WHERE (`contents_option`.`content_id` = 6  AND `contents_option`.`type` = 1 ); args=(6, 1)
DEBUG 2014-09-02 19:45:54,380 util (0.000) SELECT COUNT(*) FROM `contents_option` WHERE (`contents_option`.`content_id` = 6  AND `contents_option`.`type` = 1 ); args=(6, 1)
DEBUG 2014-09-02 19:45:54,381 util (0.000) SELECT COUNT(*) FROM `contents_option` WHERE (`contents_option`.`content_id` = 6  AND `contents_option`.`type` = 2 ); args=(6, 2)
DEBUG 2014-09-02 19:45:54,384 util (0.002) SELECT COUNT(*) FROM `contents_option` WHERE (`contents_option`.`content_id` = 6  AND `contents_option`.`type` = 2 ); args=(6, 2)
DEBUG 2014-09-02 19:45:54,386 util (0.001) SELECT COUNT(*) FROM `contents_option` WHERE (`contents_option`.`content_id` = 6  AND `contents_option`.`type` = 3 ); args=(6, 3)
DEBUG 2014-09-02 19:45:54,390 util (0.003) SELECT COUNT(*) FROM `contents_option` WHERE (`contents_option`.`content_id` = 6  AND `contents_option`.`type` = 3 ); args=(6, 3)
DEBUG 2014-09-02 19:45:54,396 util (0.003) SELECT COUNT(*) FROM `contents_option` WHERE (`contents_option`.`content_id` = 5  AND `contents_option`.`type` = 1 ); args=(5, 1)
DEBUG 2014-09-02 19:45:54,397 util (0.000) SELECT COUNT(*) FROM `contents_option` WHERE (`contents_option`.`content_id` = 5  AND `contents_option`.`type` = 1 ); args=(5, 1)
DEBUG 2014-09-02 19:45:54,400 util (0.002) SELECT COUNT(*) FROM `contents_option` WHERE (`contents_option`.`content_id` = 5  AND `contents_option`.`type` = 2 ); args=(5, 2)
DEBUG 2014-09-02 19:45:54,401 util (0.000) SELECT COUNT(*) FROM `contents_option` WHERE (`contents_option`.`content_id` = 5  AND `contents_option`.`type` = 2 ); args=(5, 2)
DEBUG 2014-09-02 19:45:54,404 util (0.002) SELECT COUNT(*) FROM `contents_option` WHERE (`contents_option`.`content_id` = 5  AND `contents_option`.`type` = 3 ); args=(5, 3)
DEBUG 2014-09-02 19:45:54,405 util (0.000) SELECT COUNT(*) FROM `contents_option` WHERE (`contents_option`.`content_id` = 5  AND `contents_option`.`type` = 3 ); args=(5, 3)
DEBUG 2014-09-02 19:45:54,414 util (0.004) SELECT COUNT(*) FROM `contents_option` WHERE (`contents_option`.`content_id` = 1  AND `contents_option`.`type` = 1 ); args=(1, 1)
DEBUG 2014-09-02 19:45:54,416 util (0.001) SELECT COUNT(*) FROM `contents_option` WHERE (`contents_option`.`content_id` = 1  AND `contents_option`.`type` = 1 ); args=(1, 1)
DEBUG 2014-09-02 19:45:54,420 util (0.000) SELECT COUNT(*) FROM `contents_option` WHERE (`contents_option`.`content_id` = 1  AND `contents_option`.`type` = 2 ); args=(1, 2)
DEBUG 2014-09-02 19:45:54,422 util (0.001) SELECT COUNT(*) FROM `contents_option` WHERE (`contents_option`.`content_id` = 1  AND `contents_option`.`type` = 2 ); args=(1, 2)
DEBUG 2014-09-02 19:45:54,425 util (0.003) SELECT COUNT(*) FROM `contents_option` WHERE (`contents_option`.`content_id` = 1  AND `contents_option`.`type` = 3 ); args=(1, 3)
DEBUG 2014-09-02 19:45:54,426 util (0.000) SELECT COUNT(*) FROM `contents_option` WHERE (`contents_option`.`content_id` = 1  AND `contents_option`.`type` = 3 ); args=(1, 3)
DEBUG 2014-09-03 17:40:55,194 util (0.015) SELECT COUNT(*) FROM `contents`; args=()
DEBUG 2014-09-03 17:40:55,277 util (0.002) SELECT `contents`.`id`, `contents`.`name`, `contents`.`spt_bp`, `contents`.`spt_ar`, `contents`.`spt_im`, `contents`.`spt_vi` FROM `contents` ORDER BY `contents`.`id` DESC LIMIT 4; args=()
DEBUG 2014-09-03 17:40:55,291 util (0.012) SELECT COUNT(*) FROM `contents_option` WHERE (`contents_option`.`content_id` = 7  AND `contents_option`.`type` = 1 ); args=(7, 1)
DEBUG 2014-09-03 17:40:55,293 util (0.000) SELECT COUNT(*) FROM `contents_option` WHERE (`contents_option`.`content_id` = 7  AND `contents_option`.`type` = 1 ); args=(7, 1)
DEBUG 2014-09-03 17:40:55,294 util (0.000) SELECT COUNT(*) FROM `contents_option` WHERE (`contents_option`.`content_id` = 7  AND `contents_option`.`type` = 2 ); args=(7, 2)
DEBUG 2014-09-03 17:40:55,295 util (0.000) SELECT COUNT(*) FROM `contents_option` WHERE (`contents_option`.`content_id` = 7  AND `contents_option`.`type` = 2 ); args=(7, 2)
DEBUG 2014-09-03 17:40:55,297 util (0.002) SELECT COUNT(*) FROM `contents_option` WHERE (`contents_option`.`content_id` = 7  AND `contents_option`.`type` = 3 ); args=(7, 3)
DEBUG 2014-09-03 17:40:55,298 util (0.000) SELECT COUNT(*) FROM `contents_option` WHERE (`contents_option`.`content_id` = 7  AND `contents_option`.`type` = 3 ); args=(7, 3)
DEBUG 2014-09-03 17:40:55,342 util (0.031) SELECT COUNT(*) FROM `contents_option` WHERE (`contents_option`.`content_id` = 6  AND `contents_option`.`type` = 1 ); args=(6, 1)
DEBUG 2014-09-03 17:40:55,343 util (0.000) SELECT COUNT(*) FROM `contents_option` WHERE (`contents_option`.`content_id` = 6  AND `contents_option`.`type` = 1 ); args=(6, 1)
DEBUG 2014-09-03 17:40:55,345 util (0.000) SELECT COUNT(*) FROM `contents_option` WHERE (`contents_option`.`content_id` = 6  AND `contents_option`.`type` = 2 ); args=(6, 2)
DEBUG 2014-09-03 17:40:55,359 util (0.000) SELECT COUNT(*) FROM `contents_option` WHERE (`contents_option`.`content_id` = 6  AND `contents_option`.`type` = 2 ); args=(6, 2)
DEBUG 2014-09-03 17:40:55,394 util (0.034) SELECT COUNT(*) FROM `contents_option` WHERE (`contents_option`.`content_id` = 6  AND `contents_option`.`type` = 3 ); args=(6, 3)
DEBUG 2014-09-03 17:40:55,396 util (0.000) SELECT COUNT(*) FROM `contents_option` WHERE (`contents_option`.`content_id` = 6  AND `contents_option`.`type` = 3 ); args=(6, 3)
DEBUG 2014-09-03 17:40:55,418 util (0.017) SELECT COUNT(*) FROM `contents_option` WHERE (`contents_option`.`content_id` = 5  AND `contents_option`.`type` = 1 ); args=(5, 1)
DEBUG 2014-09-03 17:40:55,420 util (0.001) SELECT COUNT(*) FROM `contents_option` WHERE (`contents_option`.`content_id` = 5  AND `contents_option`.`type` = 1 ); args=(5, 1)
DEBUG 2014-09-03 17:40:55,424 util (0.003) SELECT COUNT(*) FROM `contents_option` WHERE (`contents_option`.`content_id` = 5  AND `contents_option`.`type` = 2 ); args=(5, 2)
DEBUG 2014-09-03 17:40:55,425 util (0.000) SELECT COUNT(*) FROM `contents_option` WHERE (`contents_option`.`content_id` = 5  AND `contents_option`.`type` = 2 ); args=(5, 2)
DEBUG 2014-09-03 17:40:55,426 util (0.000) SELECT COUNT(*) FROM `contents_option` WHERE (`contents_option`.`content_id` = 5  AND `contents_option`.`type` = 3 ); args=(5, 3)
DEBUG 2014-09-03 17:40:55,427 util (0.000) SELECT COUNT(*) FROM `contents_option` WHERE (`contents_option`.`content_id` = 5  AND `contents_option`.`type` = 3 ); args=(5, 3)
DEBUG 2014-09-03 17:40:55,435 util (0.000) SELECT COUNT(*) FROM `contents_option` WHERE (`contents_option`.`content_id` = 1  AND `contents_option`.`type` = 1 ); args=(1, 1)
DEBUG 2014-09-03 17:40:55,438 util (0.000) SELECT COUNT(*) FROM `contents_option` WHERE (`contents_option`.`content_id` = 1  AND `contents_option`.`type` = 1 ); args=(1, 1)
DEBUG 2014-09-03 17:40:55,443 util (0.004) SELECT COUNT(*) FROM `contents_option` WHERE (`contents_option`.`content_id` = 1  AND `contents_option`.`type` = 2 ); args=(1, 2)
DEBUG 2014-09-03 17:40:55,444 util (0.000) SELECT COUNT(*) FROM `contents_option` WHERE (`contents_option`.`content_id` = 1  AND `contents_option`.`type` = 2 ); args=(1, 2)
DEBUG 2014-09-03 17:40:55,445 util (0.000) SELECT COUNT(*) FROM `contents_option` WHERE (`contents_option`.`content_id` = 1  AND `contents_option`.`type` = 3 ); args=(1, 3)
DEBUG 2014-09-03 17:40:55,447 util (0.000) SELECT COUNT(*) FROM `contents_option` WHERE (`contents_option`.`content_id` = 1  AND `contents_option`.`type` = 3 ); args=(1, 3)
WARNING 2014-09-03 17:40:56,950 base Not Found: /favicon.ico
WARNING 2014-09-03 17:40:57,353 base Not Found: /favicon.ico
DEBUG 2014-09-03 17:41:01,741 util (0.000) SELECT COUNT(*) FROM `contents`; args=()
DEBUG 2014-09-03 17:41:01,805 util (0.000) SELECT `contents`.`id`, `contents`.`name`, `contents`.`spt_bp`, `contents`.`spt_ar`, `contents`.`spt_im`, `contents`.`spt_vi` FROM `contents` ORDER BY `contents`.`id` DESC LIMIT 4; args=()
DEBUG 2014-09-03 17:41:01,822 util (0.004) SELECT COUNT(*) FROM `contents_option` WHERE (`contents_option`.`content_id` = 7  AND `contents_option`.`type` = 1 ); args=(7, 1)
DEBUG 2014-09-03 17:41:01,903 util (0.080) SELECT COUNT(*) FROM `contents_option` WHERE (`contents_option`.`content_id` = 7  AND `contents_option`.`type` = 1 ); args=(7, 1)
DEBUG 2014-09-03 17:41:01,905 util (0.000) SELECT COUNT(*) FROM `contents_option` WHERE (`contents_option`.`content_id` = 7  AND `contents_option`.`type` = 2 ); args=(7, 2)
DEBUG 2014-09-03 17:41:01,906 util (0.000) SELECT COUNT(*) FROM `contents_option` WHERE (`contents_option`.`content_id` = 7  AND `contents_option`.`type` = 2 ); args=(7, 2)
DEBUG 2014-09-03 17:41:01,907 util (0.000) SELECT COUNT(*) FROM `contents_option` WHERE (`contents_option`.`content_id` = 7  AND `contents_option`.`type` = 3 ); args=(7, 3)
DEBUG 2014-09-03 17:41:01,964 util (0.057) SELECT COUNT(*) FROM `contents_option` WHERE (`contents_option`.`content_id` = 7  AND `contents_option`.`type` = 3 ); args=(7, 3)
DEBUG 2014-09-03 17:41:01,974 util (0.006) SELECT COUNT(*) FROM `contents_option` WHERE (`contents_option`.`content_id` = 6  AND `contents_option`.`type` = 1 ); args=(6, 1)
DEBUG 2014-09-03 17:41:01,975 util (0.000) SELECT COUNT(*) FROM `contents_option` WHERE (`contents_option`.`content_id` = 6  AND `contents_option`.`type` = 1 ); args=(6, 1)
DEBUG 2014-09-03 17:41:01,989 util (0.014) SELECT COUNT(*) FROM `contents_option` WHERE (`contents_option`.`content_id` = 6  AND `contents_option`.`type` = 2 ); args=(6, 2)
DEBUG 2014-09-03 17:41:01,991 util (0.000) SELECT COUNT(*) FROM `contents_option` WHERE (`contents_option`.`content_id` = 6  AND `contents_option`.`type` = 2 ); args=(6, 2)
DEBUG 2014-09-03 17:41:01,993 util (0.002) SELECT COUNT(*) FROM `contents_option` WHERE (`contents_option`.`content_id` = 6  AND `contents_option`.`type` = 3 ); args=(6, 3)
DEBUG 2014-09-03 17:41:02,001 util (0.007) SELECT COUNT(*) FROM `contents_option` WHERE (`contents_option`.`content_id` = 6  AND `contents_option`.`type` = 3 ); args=(6, 3)
DEBUG 2014-09-03 17:41:02,022 util (0.009) SELECT COUNT(*) FROM `contents_option` WHERE (`contents_option`.`content_id` = 5  AND `contents_option`.`type` = 1 ); args=(5, 1)
DEBUG 2014-09-03 17:41:02,023 util (0.000) SELECT COUNT(*) FROM `contents_option` WHERE (`contents_option`.`content_id` = 5  AND `contents_option`.`type` = 1 ); args=(5, 1)
DEBUG 2014-09-03 17:41:02,024 util (0.000) SELECT COUNT(*) FROM `contents_option` WHERE (`contents_option`.`content_id` = 5  AND `contents_option`.`type` = 2 ); args=(5, 2)
DEBUG 2014-09-03 17:41:02,034 util (0.000) SELECT COUNT(*) FROM `contents_option` WHERE (`contents_option`.`content_id` = 5  AND `contents_option`.`type` = 2 ); args=(5, 2)
DEBUG 2014-09-03 17:41:02,035 util (0.000) SELECT COUNT(*) FROM `contents_option` WHERE (`contents_option`.`content_id` = 5  AND `contents_option`.`type` = 3 ); args=(5, 3)
DEBUG 2014-09-03 17:41:02,040 util (0.004) SELECT COUNT(*) FROM `contents_option` WHERE (`contents_option`.`content_id` = 5  AND `contents_option`.`type` = 3 ); args=(5, 3)
DEBUG 2014-09-03 17:41:02,058 util (0.000) SELECT COUNT(*) FROM `contents_option` WHERE (`contents_option`.`content_id` = 1  AND `contents_option`.`type` = 1 ); args=(1, 1)
DEBUG 2014-09-03 17:41:02,067 util (0.000) SELECT COUNT(*) FROM `contents_option` WHERE (`contents_option`.`content_id` = 1  AND `contents_option`.`type` = 1 ); args=(1, 1)
DEBUG 2014-09-03 17:41:02,076 util (0.009) SELECT COUNT(*) FROM `contents_option` WHERE (`contents_option`.`content_id` = 1  AND `contents_option`.`type` = 2 ); args=(1, 2)
DEBUG 2014-09-03 17:41:02,077 util (0.000) SELECT COUNT(*) FROM `contents_option` WHERE (`contents_option`.`content_id` = 1  AND `contents_option`.`type` = 2 ); args=(1, 2)
DEBUG 2014-09-03 17:41:02,085 util (0.006) SELECT COUNT(*) FROM `contents_option` WHERE (`contents_option`.`content_id` = 1  AND `contents_option`.`type` = 3 ); args=(1, 3)
DEBUG 2014-09-03 17:41:02,086 util (0.000) SELECT COUNT(*) FROM `contents_option` WHERE (`contents_option`.`content_id` = 1  AND `contents_option`.`type` = 3 ); args=(1, 3)
DEBUG 2014-09-03 17:41:05,404 util (0.000) SELECT COUNT(*) FROM `contents`; args=()
DEBUG 2014-09-03 17:41:05,405 util (0.000) SELECT `contents`.`id`, `contents`.`name`, `contents`.`spt_bp`, `contents`.`spt_ar`, `contents`.`spt_im`, `contents`.`spt_vi` FROM `contents` LIMIT 20; args=()
DEBUG 2014-09-03 17:41:05,415 util (0.009) SELECT `contents_option`.`id`, `contents_option`.`content_id`, `contents_option`.`type`, `contents_option`.`name`, `contents_option`.`image`, `contents_option`.`description`, `contents_option`.`contents`, `contents_option`.`url`, `contents_option`.`create_time` FROM `contents_option` WHERE (`contents_option`.`content_id` = 1  AND `contents_option`.`type` = 2 ); args=(1, 2)
DEBUG 2014-09-03 17:41:05,417 util (0.001) SELECT `contents_option`.`id`, `contents_option`.`content_id`, `contents_option`.`type`, `contents_option`.`name`, `contents_option`.`image`, `contents_option`.`description`, `contents_option`.`contents`, `contents_option`.`url`, `contents_option`.`create_time` FROM `contents_option` WHERE (`contents_option`.`content_id` = 1  AND `contents_option`.`type` = 2 ); args=(1, 2)
DEBUG 2014-09-03 17:41:05,428 util (0.000) SELECT `contents_option`.`id`, `contents_option`.`content_id`, `contents_option`.`type`, `contents_option`.`name`, `contents_option`.`image`, `contents_option`.`description`, `contents_option`.`contents`, `contents_option`.`url`, `contents_option`.`create_time` FROM `contents_option` WHERE (`contents_option`.`content_id` = 1  AND `contents_option`.`type` = 3 ); args=(1, 3)
DEBUG 2014-09-03 17:41:05,431 util (0.003) SELECT `contents_option`.`id`, `contents_option`.`content_id`, `contents_option`.`type`, `contents_option`.`name`, `contents_option`.`image`, `contents_option`.`description`, `contents_option`.`contents`, `contents_option`.`url`, `contents_option`.`create_time` FROM `contents_option` WHERE (`contents_option`.`content_id` = 1  AND `contents_option`.`type` = 3 ); args=(1, 3)
DEBUG 2014-09-03 17:41:05,442 util (0.009) SELECT `contents_bigpicture`.`id`, `contents_bigpicture`.`content_id`, `contents_bigpicture`.`name`, `contents_bigpicture`.`image`, `contents_bigpicture`.`url`, `contents_bigpicture`.`contents_id` FROM `contents_bigpicture` WHERE `contents_bigpicture`.`content_id` = 1 ; args=(1,)
DEBUG 2014-09-03 17:41:05,445 util (0.000) SELECT `contents_option`.`id`, `contents_option`.`content_id`, `contents_option`.`type`, `contents_option`.`name`, `contents_option`.`image`, `contents_option`.`description`, `contents_option`.`contents`, `contents_option`.`url`, `contents_option`.`create_time` FROM `contents_option` WHERE (`contents_option`.`content_id` = 1  AND `contents_option`.`type` = 1 ); args=(1, 1)
DEBUG 2014-09-03 17:41:05,447 util (0.002) SELECT `contents_option`.`id`, `contents_option`.`content_id`, `contents_option`.`type`, `contents_option`.`name`, `contents_option`.`image`, `contents_option`.`description`, `contents_option`.`contents`, `contents_option`.`url`, `contents_option`.`create_time` FROM `contents_option` WHERE (`contents_option`.`content_id` = 1  AND `contents_option`.`type` = 1 ); args=(1, 1)
DEBUG 2014-09-03 17:41:05,459 util (0.002) SELECT `contents_option`.`id`, `contents_option`.`content_id`, `contents_option`.`type`, `contents_option`.`name`, `contents_option`.`image`, `contents_option`.`description`, `contents_option`.`contents`, `contents_option`.`url`, `contents_option`.`create_time` FROM `contents_option` WHERE (`contents_option`.`content_id` = 5  AND `contents_option`.`type` = 2 ); args=(5, 2)
DEBUG 2014-09-03 17:41:05,462 util (0.002) SELECT `contents_option`.`id`, `contents_option`.`content_id`, `contents_option`.`type`, `contents_option`.`name`, `contents_option`.`image`, `contents_option`.`description`, `contents_option`.`contents`, `contents_option`.`url`, `contents_option`.`create_time` FROM `contents_option` WHERE (`contents_option`.`content_id` = 5  AND `contents_option`.`type` = 2 ); args=(5, 2)
DEBUG 2014-09-03 17:41:05,469 util (0.002) SELECT `contents_option`.`id`, `contents_option`.`content_id`, `contents_option`.`type`, `contents_option`.`name`, `contents_option`.`image`, `contents_option`.`description`, `contents_option`.`contents`, `contents_option`.`url`, `contents_option`.`create_time` FROM `contents_option` WHERE (`contents_option`.`content_id` = 5  AND `contents_option`.`type` = 3 ); args=(5, 3)
DEBUG 2014-09-03 17:41:05,470 util (0.000) SELECT `contents_option`.`id`, `contents_option`.`content_id`, `contents_option`.`type`, `contents_option`.`name`, `contents_option`.`image`, `contents_option`.`description`, `contents_option`.`contents`, `contents_option`.`url`, `contents_option`.`create_time` FROM `contents_option` WHERE (`contents_option`.`content_id` = 5  AND `contents_option`.`type` = 3 ); args=(5, 3)
DEBUG 2014-09-03 17:41:05,476 util (0.005) SELECT `contents_bigpicture`.`id`, `contents_bigpicture`.`content_id`, `contents_bigpicture`.`name`, `contents_bigpicture`.`image`, `contents_bigpicture`.`url`, `contents_bigpicture`.`contents_id` FROM `contents_bigpicture` WHERE `contents_bigpicture`.`content_id` = 5 ; args=(5,)
DEBUG 2014-09-03 17:41:05,480 util (0.002) SELECT `contents_option`.`id`, `contents_option`.`content_id`, `contents_option`.`type`, `contents_option`.`name`, `contents_option`.`image`, `contents_option`.`description`, `contents_option`.`contents`, `contents_option`.`url`, `contents_option`.`create_time` FROM `contents_option` WHERE (`contents_option`.`content_id` = 5  AND `contents_option`.`type` = 1 ); args=(5, 1)
DEBUG 2014-09-03 17:41:05,485 util (0.005) SELECT `contents_option`.`id`, `contents_option`.`content_id`, `contents_option`.`type`, `contents_option`.`name`, `contents_option`.`image`, `contents_option`.`description`, `contents_option`.`contents`, `contents_option`.`url`, `contents_option`.`create_time` FROM `contents_option` WHERE (`contents_option`.`content_id` = 5  AND `contents_option`.`type` = 1 ); args=(5, 1)
DEBUG 2014-09-03 17:41:05,492 util (0.000) SELECT `contents_option`.`id`, `contents_option`.`content_id`, `contents_option`.`type`, `contents_option`.`name`, `contents_option`.`image`, `contents_option`.`description`, `contents_option`.`contents`, `contents_option`.`url`, `contents_option`.`create_time` FROM `contents_option` WHERE (`contents_option`.`content_id` = 6  AND `contents_option`.`type` = 2 ); args=(6, 2)
DEBUG 2014-09-03 17:41:05,494 util (0.000) SELECT `contents_option`.`id`, `contents_option`.`content_id`, `contents_option`.`type`, `contents_option`.`name`, `contents_option`.`image`, `contents_option`.`description`, `contents_option`.`contents`, `contents_option`.`url`, `contents_option`.`create_time` FROM `contents_option` WHERE (`contents_option`.`content_id` = 6  AND `contents_option`.`type` = 3 ); args=(6, 3)
DEBUG 2014-09-03 17:41:05,498 util (0.004) SELECT `contents_bigpicture`.`id`, `contents_bigpicture`.`content_id`, `contents_bigpicture`.`name`, `contents_bigpicture`.`image`, `contents_bigpicture`.`url`, `contents_bigpicture`.`contents_id` FROM `contents_bigpicture` WHERE `contents_bigpicture`.`content_id` = 6 ; args=(6,)
DEBUG 2014-09-03 17:41:05,500 util (0.000) SELECT `contents_option`.`id`, `contents_option`.`content_id`, `contents_option`.`type`, `contents_option`.`name`, `contents_option`.`image`, `contents_option`.`description`, `contents_option`.`contents`, `contents_option`.`url`, `contents_option`.`create_time` FROM `contents_option` WHERE (`contents_option`.`content_id` = 6  AND `contents_option`.`type` = 1 ); args=(6, 1)
DEBUG 2014-09-03 17:41:05,502 util (0.002) SELECT `contents_option`.`id`, `contents_option`.`content_id`, `contents_option`.`type`, `contents_option`.`name`, `contents_option`.`image`, `contents_option`.`description`, `contents_option`.`contents`, `contents_option`.`url`, `contents_option`.`create_time` FROM `contents_option` WHERE (`contents_option`.`content_id` = 6  AND `contents_option`.`type` = 1 ); args=(6, 1)
DEBUG 2014-09-03 17:41:05,512 util (0.002) SELECT `contents_option`.`id`, `contents_option`.`content_id`, `contents_option`.`type`, `contents_option`.`name`, `contents_option`.`image`, `contents_option`.`description`, `contents_option`.`contents`, `contents_option`.`url`, `contents_option`.`create_time` FROM `contents_option` WHERE (`contents_option`.`content_id` = 7  AND `contents_option`.`type` = 2 ); args=(7, 2)
DEBUG 2014-09-03 17:41:05,513 util (0.000) SELECT `contents_option`.`id`, `contents_option`.`content_id`, `contents_option`.`type`, `contents_option`.`name`, `contents_option`.`image`, `contents_option`.`description`, `contents_option`.`contents`, `contents_option`.`url`, `contents_option`.`create_time` FROM `contents_option` WHERE (`contents_option`.`content_id` = 7  AND `contents_option`.`type` = 2 ); args=(7, 2)
DEBUG 2014-09-03 17:41:05,519 util (0.005) SELECT `contents_option`.`id`, `contents_option`.`content_id`, `contents_option`.`type`, `contents_option`.`name`, `contents_option`.`image`, `contents_option`.`description`, `contents_option`.`contents`, `contents_option`.`url`, `contents_option`.`create_time` FROM `contents_option` WHERE (`contents_option`.`content_id` = 7  AND `contents_option`.`type` = 3 ); args=(7, 3)
DEBUG 2014-09-03 17:41:05,523 util (0.003) SELECT `contents_option`.`id`, `contents_option`.`content_id`, `contents_option`.`type`, `contents_option`.`name`, `contents_option`.`image`, `contents_option`.`description`, `contents_option`.`contents`, `contents_option`.`url`, `contents_option`.`create_time` FROM `contents_option` WHERE (`contents_option`.`content_id` = 7  AND `contents_option`.`type` = 3 ); args=(7, 3)
DEBUG 2014-09-03 17:41:05,527 util (0.002) SELECT `contents_bigpicture`.`id`, `contents_bigpicture`.`content_id`, `contents_bigpicture`.`name`, `contents_bigpicture`.`image`, `contents_bigpicture`.`url`, `contents_bigpicture`.`contents_id` FROM `contents_bigpicture` WHERE `contents_bigpicture`.`content_id` = 7 ; args=(7,)
DEBUG 2014-09-03 17:41:05,534 util (0.000) SELECT `contents_option`.`id`, `contents_option`.`content_id`, `contents_option`.`type`, `contents_option`.`name`, `contents_option`.`image`, `contents_option`.`description`, `contents_option`.`contents`, `contents_option`.`url`, `contents_option`.`create_time` FROM `contents_option` WHERE (`contents_option`.`content_id` = 7  AND `contents_option`.`type` = 1 ); args=(7, 1)
DEBUG 2014-09-03 17:42:01,013 util (0.000) SELECT COUNT(*) FROM `contents`; args=()
DEBUG 2014-09-03 17:42:01,015 util (0.002) SELECT `contents`.`id`, `contents`.`name`, `contents`.`spt_bp`, `contents`.`spt_ar`, `contents`.`spt_im`, `contents`.`spt_vi` FROM `contents` LIMIT 20; args=()
DEBUG 2014-09-03 17:42:01,020 util (0.003) SELECT `contents_option`.`id`, `contents_option`.`content_id`, `contents_option`.`type`, `contents_option`.`name`, `contents_option`.`image`, `contents_option`.`description`, `contents_option`.`contents`, `contents_option`.`url`, `contents_option`.`create_time` FROM `contents_option` WHERE (`contents_option`.`content_id` = 1  AND `contents_option`.`type` = 2 ); args=(1, 2)
DEBUG 2014-09-03 17:42:01,021 util (0.000) SELECT `contents_option`.`id`, `contents_option`.`content_id`, `contents_option`.`type`, `contents_option`.`name`, `contents_option`.`image`, `contents_option`.`description`, `contents_option`.`contents`, `contents_option`.`url`, `contents_option`.`create_time` FROM `contents_option` WHERE (`contents_option`.`content_id` = 1  AND `contents_option`.`type` = 2 ); args=(1, 2)
DEBUG 2014-09-03 17:42:01,029 util (0.005) SELECT `contents_option`.`id`, `contents_option`.`content_id`, `contents_option`.`type`, `contents_option`.`name`, `contents_option`.`image`, `contents_option`.`description`, `contents_option`.`contents`, `contents_option`.`url`, `contents_option`.`create_time` FROM `contents_option` WHERE (`contents_option`.`content_id` = 1  AND `contents_option`.`type` = 3 ); args=(1, 3)
DEBUG 2014-09-03 17:42:01,031 util (0.001) SELECT `contents_option`.`id`, `contents_option`.`content_id`, `contents_option`.`type`, `contents_option`.`name`, `contents_option`.`image`, `contents_option`.`description`, `contents_option`.`contents`, `contents_option`.`url`, `contents_option`.`create_time` FROM `contents_option` WHERE (`contents_option`.`content_id` = 1  AND `contents_option`.`type` = 3 ); args=(1, 3)
DEBUG 2014-09-03 17:42:01,038 util (0.004) SELECT `contents_bigpicture`.`id`, `contents_bigpicture`.`content_id`, `contents_bigpicture`.`name`, `contents_bigpicture`.`image`, `contents_bigpicture`.`url`, `contents_bigpicture`.`contents_id` FROM `contents_bigpicture` WHERE `contents_bigpicture`.`content_id` = 1 ; args=(1,)
DEBUG 2014-09-03 17:42:01,049 util (0.001) SELECT `contents_option`.`id`, `contents_option`.`content_id`, `contents_option`.`type`, `contents_option`.`name`, `contents_option`.`image`, `contents_option`.`description`, `contents_option`.`contents`, `contents_option`.`url`, `contents_option`.`create_time` FROM `contents_option` WHERE (`contents_option`.`content_id` = 1  AND `contents_option`.`type` = 1 ); args=(1, 1)
DEBUG 2014-09-03 17:42:01,052 util (0.003) SELECT `contents_option`.`id`, `contents_option`.`content_id`, `contents_option`.`type`, `contents_option`.`name`, `contents_option`.`image`, `contents_option`.`description`, `contents_option`.`contents`, `contents_option`.`url`, `contents_option`.`create_time` FROM `contents_option` WHERE (`contents_option`.`content_id` = 1  AND `contents_option`.`type` = 1 ); args=(1, 1)
DEBUG 2014-09-03 17:42:01,066 util (0.003) SELECT `contents_option`.`id`, `contents_option`.`content_id`, `contents_option`.`type`, `contents_option`.`name`, `contents_option`.`image`, `contents_option`.`description`, `contents_option`.`contents`, `contents_option`.`url`, `contents_option`.`create_time` FROM `contents_option` WHERE (`contents_option`.`content_id` = 5  AND `contents_option`.`type` = 2 ); args=(5, 2)
DEBUG 2014-09-03 17:42:01,067 util (0.000) SELECT `contents_option`.`id`, `contents_option`.`content_id`, `contents_option`.`type`, `contents_option`.`name`, `contents_option`.`image`, `contents_option`.`description`, `contents_option`.`contents`, `contents_option`.`url`, `contents_option`.`create_time` FROM `contents_option` WHERE (`contents_option`.`content_id` = 5  AND `contents_option`.`type` = 2 ); args=(5, 2)
DEBUG 2014-09-03 17:42:01,072 util (0.004) SELECT `contents_option`.`id`, `contents_option`.`content_id`, `contents_option`.`type`, `contents_option`.`name`, `contents_option`.`image`, `contents_option`.`description`, `contents_option`.`contents`, `contents_option`.`url`, `contents_option`.`create_time` FROM `contents_option` WHERE (`contents_option`.`content_id` = 5  AND `contents_option`.`type` = 3 ); args=(5, 3)
DEBUG 2014-09-03 17:42:01,074 util (0.001) SELECT `contents_option`.`id`, `contents_option`.`content_id`, `contents_option`.`type`, `contents_option`.`name`, `contents_option`.`image`, `contents_option`.`description`, `contents_option`.`contents`, `contents_option`.`url`, `contents_option`.`create_time` FROM `contents_option` WHERE (`contents_option`.`content_id` = 5  AND `contents_option`.`type` = 3 ); args=(5, 3)
DEBUG 2014-09-03 17:42:01,080 util (0.005) SELECT `contents_bigpicture`.`id`, `contents_bigpicture`.`content_id`, `contents_bigpicture`.`name`, `contents_bigpicture`.`image`, `contents_bigpicture`.`url`, `contents_bigpicture`.`contents_id` FROM `contents_bigpicture` WHERE `contents_bigpicture`.`content_id` = 5 ; args=(5,)
DEBUG 2014-09-03 17:42:01,086 util (0.004) SELECT `contents_option`.`id`, `contents_option`.`content_id`, `contents_option`.`type`, `contents_option`.`name`, `contents_option`.`image`, `contents_option`.`description`, `contents_option`.`contents`, `contents_option`.`url`, `contents_option`.`create_time` FROM `contents_option` WHERE (`contents_option`.`content_id` = 5  AND `contents_option`.`type` = 1 ); args=(5, 1)
DEBUG 2014-09-03 17:42:01,088 util (0.001) SELECT `contents_option`.`id`, `contents_option`.`content_id`, `contents_option`.`type`, `contents_option`.`name`, `contents_option`.`image`, `contents_option`.`description`, `contents_option`.`contents`, `contents_option`.`url`, `contents_option`.`create_time` FROM `contents_option` WHERE (`contents_option`.`content_id` = 5  AND `contents_option`.`type` = 1 ); args=(5, 1)
DEBUG 2014-09-03 17:42:01,102 util (0.000) SELECT `contents_option`.`id`, `contents_option`.`content_id`, `contents_option`.`type`, `contents_option`.`name`, `contents_option`.`image`, `contents_option`.`description`, `contents_option`.`contents`, `contents_option`.`url`, `contents_option`.`create_time` FROM `contents_option` WHERE (`contents_option`.`content_id` = 6  AND `contents_option`.`type` = 2 ); args=(6, 2)
DEBUG 2014-09-03 17:42:01,103 util (0.000) SELECT `contents_option`.`id`, `contents_option`.`content_id`, `contents_option`.`type`, `contents_option`.`name`, `contents_option`.`image`, `contents_option`.`description`, `contents_option`.`contents`, `contents_option`.`url`, `contents_option`.`create_time` FROM `contents_option` WHERE (`contents_option`.`content_id` = 6  AND `contents_option`.`type` = 3 ); args=(6, 3)
DEBUG 2014-09-03 17:42:01,106 util (0.002) SELECT `contents_bigpicture`.`id`, `contents_bigpicture`.`content_id`, `contents_bigpicture`.`name`, `contents_bigpicture`.`image`, `contents_bigpicture`.`url`, `contents_bigpicture`.`contents_id` FROM `contents_bigpicture` WHERE `contents_bigpicture`.`content_id` = 6 ; args=(6,)
DEBUG 2014-09-03 17:42:01,111 util (0.001) SELECT `contents_option`.`id`, `contents_option`.`content_id`, `contents_option`.`type`, `contents_option`.`name`, `contents_option`.`image`, `contents_option`.`description`, `contents_option`.`contents`, `contents_option`.`url`, `contents_option`.`create_time` FROM `contents_option` WHERE (`contents_option`.`content_id` = 6  AND `contents_option`.`type` = 1 ); args=(6, 1)
DEBUG 2014-09-03 17:42:01,118 util (0.007) SELECT `contents_option`.`id`, `contents_option`.`content_id`, `contents_option`.`type`, `contents_option`.`name`, `contents_option`.`image`, `contents_option`.`description`, `contents_option`.`contents`, `contents_option`.`url`, `contents_option`.`create_time` FROM `contents_option` WHERE (`contents_option`.`content_id` = 6  AND `contents_option`.`type` = 1 ); args=(6, 1)
DEBUG 2014-09-03 17:42:01,125 util (0.000) SELECT `contents_option`.`id`, `contents_option`.`content_id`, `contents_option`.`type`, `contents_option`.`name`, `contents_option`.`image`, `contents_option`.`description`, `contents_option`.`contents`, `contents_option`.`url`, `contents_option`.`create_time` FROM `contents_option` WHERE (`contents_option`.`content_id` = 7  AND `contents_option`.`type` = 2 ); args=(7, 2)
DEBUG 2014-09-03 17:42:01,133 util (0.008) SELECT `contents_option`.`id`, `contents_option`.`content_id`, `contents_option`.`type`, `contents_option`.`name`, `contents_option`.`image`, `contents_option`.`description`, `contents_option`.`contents`, `contents_option`.`url`, `contents_option`.`create_time` FROM `contents_option` WHERE (`contents_option`.`content_id` = 7  AND `contents_option`.`type` = 2 ); args=(7, 2)
DEBUG 2014-09-03 17:42:01,142 util (0.007) SELECT `contents_option`.`id`, `contents_option`.`content_id`, `contents_option`.`type`, `contents_option`.`name`, `contents_option`.`image`, `contents_option`.`description`, `contents_option`.`contents`, `contents_option`.`url`, `contents_option`.`create_time` FROM `contents_option` WHERE (`contents_option`.`content_id` = 7  AND `contents_option`.`type` = 3 ); args=(7, 3)
DEBUG 2014-09-03 17:42:01,147 util (0.005) SELECT `contents_option`.`id`, `contents_option`.`content_id`, `contents_option`.`type`, `contents_option`.`name`, `contents_option`.`image`, `contents_option`.`description`, `contents_option`.`contents`, `contents_option`.`url`, `contents_option`.`create_time` FROM `contents_option` WHERE (`contents_option`.`content_id` = 7  AND `contents_option`.`type` = 3 ); args=(7, 3)
DEBUG 2014-09-03 17:42:01,156 util (0.007) SELECT `contents_bigpicture`.`id`, `contents_bigpicture`.`content_id`, `contents_bigpicture`.`name`, `contents_bigpicture`.`image`, `contents_bigpicture`.`url`, `contents_bigpicture`.`contents_id` FROM `contents_bigpicture` WHERE `contents_bigpicture`.`content_id` = 7 ; args=(7,)
DEBUG 2014-09-03 17:42:01,159 util (0.000) SELECT `contents_option`.`id`, `contents_option`.`content_id`, `contents_option`.`type`, `contents_option`.`name`, `contents_option`.`image`, `contents_option`.`description`, `contents_option`.`contents`, `contents_option`.`url`, `contents_option`.`create_time` FROM `contents_option` WHERE (`contents_option`.`content_id` = 7  AND `contents_option`.`type` = 1 ); args=(7, 1)
DEBUG 2014-09-03 17:42:08,586 util (0.000) SELECT COUNT(*) FROM `contents_option` WHERE `contents_option`.`type` = 1 ; args=(1,)
DEBUG 2014-09-03 17:42:08,587 util (0.000) SELECT `contents_option`.`id`, `contents_option`.`content_id`, `contents_option`.`type`, `contents_option`.`name`, `contents_option`.`image`, `contents_option`.`description`, `contents_option`.`contents`, `contents_option`.`url`, `contents_option`.`create_time` FROM `contents_option` WHERE `contents_option`.`type` = 1  LIMIT 20; args=(1,)
DEBUG 2014-09-03 17:42:08,591 util (0.003) SELECT `contents`.`id`, `contents`.`name`, `contents`.`spt_bp`, `contents`.`spt_ar`, `contents`.`spt_im`, `contents`.`spt_vi` FROM `contents` WHERE `contents`.`id` = 5 ; args=(5,)
DEBUG 2014-09-03 17:42:08,600 util (0.006) SELECT `contents_like`.`id`, `contents_like`.`option_id`, `contents_like`.`likes` FROM `contents_like` WHERE `contents_like`.`option_id` = 38 ; args=(38,)
DEBUG 2014-09-03 17:42:08,601 util (0.000) SELECT `contents`.`id`, `contents`.`name`, `contents`.`spt_bp`, `contents`.`spt_ar`, `contents`.`spt_im`, `contents`.`spt_vi` FROM `contents` WHERE `contents`.`id` = 1 ; args=(1,)
DEBUG 2014-09-03 17:42:08,607 util (0.004) SELECT `contents_like`.`id`, `contents_like`.`option_id`, `contents_like`.`likes` FROM `contents_like` WHERE `contents_like`.`option_id` = 41 ; args=(41,)
DEBUG 2014-09-03 17:42:08,608 util (0.000) SELECT `contents`.`id`, `contents`.`name`, `contents`.`spt_bp`, `contents`.`spt_ar`, `contents`.`spt_im`, `contents`.`spt_vi` FROM `contents` WHERE `contents`.`id` = 6 ; args=(6,)
DEBUG 2014-09-03 17:42:08,613 util (0.002) SELECT `contents_like`.`id`, `contents_like`.`option_id`, `contents_like`.`likes` FROM `contents_like` WHERE `contents_like`.`option_id` = 37 ; args=(37,)
DEBUG 2014-09-03 17:42:08,614 util (0.000) SELECT `contents`.`id`, `contents`.`name`, `contents`.`spt_bp`, `contents`.`spt_ar`, `contents`.`spt_im`, `contents`.`spt_vi` FROM `contents` WHERE `contents`.`id` = 1 ; args=(1,)
DEBUG 2014-09-03 17:42:08,618 util (0.002) SELECT `contents_like`.`id`, `contents_like`.`option_id`, `contents_like`.`likes` FROM `contents_like` WHERE `contents_like`.`option_id` = 27 ; args=(27,)
DEBUG 2014-09-03 17:42:08,621 util (0.003) SELECT `contents`.`id`, `contents`.`name`, `contents`.`spt_bp`, `contents`.`spt_ar`, `contents`.`spt_im`, `contents`.`spt_vi` FROM `contents` WHERE `contents`.`id` = 1 ; args=(1,)
DEBUG 2014-09-03 17:42:08,624 util (0.000) SELECT `contents_like`.`id`, `contents_like`.`option_id`, `contents_like`.`likes` FROM `contents_like` WHERE `contents_like`.`option_id` = 34 ; args=(34,)
DEBUG 2014-09-03 17:43:05,533 util (0.000) SELECT COUNT(*) FROM `contents_bigpicture`; args=()
DEBUG 2014-09-03 17:43:05,534 util (0.000) SELECT `contents_bigpicture`.`id`, `contents_bigpicture`.`content_id`, `contents_bigpicture`.`name`, `contents_bigpicture`.`image`, `contents_bigpicture`.`url`, `contents_bigpicture`.`contents_id` FROM `contents_bigpicture` LIMIT 20; args=()
DEBUG 2014-09-03 17:43:05,538 util (0.003) SELECT `contents`.`id`, `contents`.`name`, `contents`.`spt_bp`, `contents`.`spt_ar`, `contents`.`spt_im`, `contents`.`spt_vi` FROM `contents` WHERE `contents`.`id` = 7 ; args=(7,)
DEBUG 2014-09-03 17:43:05,546 util (0.000) SELECT `contents_option`.`id`, `contents_option`.`content_id`, `contents_option`.`type`, `contents_option`.`name`, `contents_option`.`image`, `contents_option`.`description`, `contents_option`.`contents`, `contents_option`.`url`, `contents_option`.`create_time` FROM `contents_option` WHERE `contents_option`.`id` = 28 ; args=(28,)
DEBUG 2014-09-03 17:43:05,548 util (0.000) SELECT `contents`.`id`, `contents`.`name`, `contents`.`spt_bp`, `contents`.`spt_ar`, `contents`.`spt_im`, `contents`.`spt_vi` FROM `contents` WHERE `contents`.`id` = 5 ; args=(5,)
DEBUG 2014-09-03 17:43:05,552 util (0.002) SELECT `contents`.`id`, `contents`.`name`, `contents`.`spt_bp`, `contents`.`spt_ar`, `contents`.`spt_im`, `contents`.`spt_vi` FROM `contents` WHERE `contents`.`id` = 1 ; args=(1,)
DEBUG 2014-09-03 17:43:05,557 util (0.000) SELECT `contents_option`.`id`, `contents_option`.`content_id`, `contents_option`.`type`, `contents_option`.`name`, `contents_option`.`image`, `contents_option`.`description`, `contents_option`.`contents`, `contents_option`.`url`, `contents_option`.`create_time` FROM `contents_option` WHERE `contents_option`.`id` = 27 ; args=(27,)
DEBUG 2014-09-03 17:43:05,560 util (0.002) SELECT `contents`.`id`, `contents`.`name`, `contents`.`spt_bp`, `contents`.`spt_ar`, `contents`.`spt_im`, `contents`.`spt_vi` FROM `contents` WHERE `contents`.`id` = 1 ; args=(1,)
DEBUG 2014-09-03 17:43:05,566 util (0.003) SELECT `contents`.`id`, `contents`.`name`, `contents`.`spt_bp`, `contents`.`spt_ar`, `contents`.`spt_im`, `contents`.`spt_vi` FROM `contents` WHERE `contents`.`id` = 7 ; args=(7,)
